Copyright 1986-2022 Xilinx, Inc. All Rights Reserved.
------------------------------------------------------------------------------------
| Tool Version : Vivado v.2022.2 (win64) Build 3671981 Fri Oct 14 05:00:03 MDT 2022
| Date         : Thu Feb 23 16:28:56 2023
| Host         : LAPTOP-B5LJEKUQ running 64-bit major release  (build 9200)
| Command      : upgrade_project -migrate_output_products
| Project_Path : D:/QQ/нд╪Ч/hs_da_ad/hs_da_ad.xpr
------------------------------------------------------------------------------------

Project Status Summary

1. Project IP Status
--------------------
This project contains 3 IP and 0 Block Designs.


1.1 Project IP Instances
+-------------+-------------------------+-------------------------------------+-------------------------------------+
| Instance    | Status                  | Reason                              | Recommendation                      |
| Name        |                         |                                     |                                     |
+-------------+-------------------------+-------------------------------------+-------------------------------------+
| ila_0       | Will be Migrated.       |                                     |                                     |
+-------------+-------------------------+-------------------------------------+-------------------------------------+
| rom_sanjiao | Will be Migrated.       |                                     |                                     |
+-------------+-------------------------+-------------------------------------+-------------------------------------+
| rom_sin     | Will be Migrated.       |                                     |                                     |
+-------------+-------------------------+-------------------------------------+-------------------------------------+



